Session  154805_1
Running on  sh09
Copying the source directory and data
Thu Feb 26 20:30:16 CET 2026
Checking out the correct version of the code commit_id 69583e332973773fadc045c14302f1e5cb1f962f
D	configs/tmphn3omnhl-config.yml
M	job.sbatch
D	logs/VanillaCNN_0/best_model.pt
D	logs/VanillaCNN_0/config.yaml
D	logs/VanillaCNN_0/events.out.tfevents.1771595605.tx01.13457.0
D	logs/VanillaCNN_0/events.out.tfevents.1771692499.tx01.13497.0
D	logs/VanillaCNN_0/events.out.tfevents.1771780918.tx10.94765.0
D	logs/VanillaCNN_0/summary.txt
Setting up the virtual environment
Derived venv created in /tmp/sdim_2-154805/venv
You can activate it using :  source /tmp/sdim_2-154805/venv/bin/activate
Processing /tmp/sdim_2-154805/code
  Installing build dependencies: started
  Installing build dependencies: finished with status 'done'
  Getting requirements to build wheel: started
  Getting requirements to build wheel: finished with status 'done'
  Preparing metadata (pyproject.toml): started
  Preparing metadata (pyproject.toml): finished with status 'done'
Requirement already satisfied: tensorboard>=2.17.1 in /mounts/datasets/venvs/torch-2.7.1/lib/python3.10/site-packages (from torchtmpl==0.0.1) (2.20.0)
Requirement already satisfied: matplotlib>=3.7.1 in /mounts/datasets/venvs/torch-2.7.1/lib/python3.10/site-packages (from torchtmpl==0.0.1) (3.10.7)
Requirement already satisfied: tqdm>=4.65.0 in /mounts/datasets/venvs/torch-2.7.1/lib/python3.10/site-packages (from torchtmpl==0.0.1) (4.67.1)
Requirement already satisfied: wandb>=0.13.11 in /mounts/datasets/venvs/torch-2.7.1/lib/python3.10/site-packages (from torchtmpl==0.0.1) (0.22.3)
Requirement already satisfied: scipy>=1.10.1 in /mounts/datasets/venvs/torch-2.7.1/lib/python3.10/site-packages (from torchtmpl==0.0.1) (1.15.3)
Requirement already satisfied: PyYAML>=6.0 in /mounts/datasets/venvs/torch-2.7.1/lib/python3.10/site-packages (from torchtmpl==0.0.1) (6.0.3)
Requirement already satisfied: torch>=1.13.1 in /mounts/datasets/venvs/torch-2.7.1/lib/python3.10/site-packages (from torchtmpl==0.0.1) (2.7.1)
Requirement already satisfied: torchinfo>=1.7.2 in /mounts/datasets/venvs/torch-2.7.1/lib/python3.10/site-packages (from torchtmpl==0.0.1) (1.8.0)
Requirement already satisfied: torchvision>=0.14.1 in /mounts/datasets/venvs/torch-2.7.1/lib/python3.10/site-packages (from torchtmpl==0.0.1) (0.22.1)
Collecting gdown>=5.2.0
  Using cached gdown-5.2.1-py3-none-any.whl (18 kB)
Requirement already satisfied: beautifulsoup4 in /mounts/datasets/venvs/torch-2.7.1/lib/python3.10/site-packages (from gdown>=5.2.0->torchtmpl==0.0.1) (4.14.2)
Requirement already satisfied: requests[socks] in /mounts/datasets/venvs/torch-2.7.1/lib/python3.10/site-packages (from gdown>=5.2.0->torchtmpl==0.0.1) (2.32.5)
Requirement already satisfied: filelock in /mounts/datasets/venvs/torch-2.7.1/lib/python3.10/site-packages (from gdown>=5.2.0->torchtmpl==0.0.1) (3.20.0)
Requirement already satisfied: cycler>=0.10 in /mounts/datasets/venvs/torch-2.7.1/lib/python3.10/site-packages (from matplotlib>=3.7.1->torchtmpl==0.0.1) (0.12.1)
Requirement already satisfied: fonttools>=4.22.0 in /mounts/datasets/venvs/torch-2.7.1/lib/python3.10/site-packages (from matplotlib>=3.7.1->torchtmpl==0.0.1) (4.60.1)
Requirement already satisfied: kiwisolver>=1.3.1 in /mounts/datasets/venvs/torch-2.7.1/lib/python3.10/site-packages (from matplotlib>=3.7.1->torchtmpl==0.0.1) (1.4.9)
Requirement already satisfied: packaging>=20.0 in /mounts/datasets/venvs/torch-2.7.1/lib/python3.10/site-packages (from matplotlib>=3.7.1->torchtmpl==0.0.1) (25.0)
Requirement already satisfied: pillow>=8 in /mounts/datasets/venvs/torch-2.7.1/lib/python3.10/site-packages (from matplotlib>=3.7.1->torchtmpl==0.0.1) (12.0.0)
Requirement already satisfied: pyparsing>=3 in /mounts/datasets/venvs/torch-2.7.1/lib/python3.10/site-packages (from matplotlib>=3.7.1->torchtmpl==0.0.1) (3.2.5)
Requirement already satisfied: python-dateutil>=2.7 in /mounts/datasets/venvs/torch-2.7.1/lib/python3.10/site-packages (from matplotlib>=3.7.1->torchtmpl==0.0.1) (2.9.0.post0)
Requirement already satisfied: contourpy>=1.0.1 in /mounts/datasets/venvs/torch-2.7.1/lib/python3.10/site-packages (from matplotlib>=3.7.1->torchtmpl==0.0.1) (1.3.2)
Requirement already satisfied: numpy>=1.23 in /mounts/datasets/venvs/torch-2.7.1/lib/python3.10/site-packages (from matplotlib>=3.7.1->torchtmpl==0.0.1) (2.2.6)
Requirement already satisfied: absl-py>=0.4 in /mounts/datasets/venvs/torch-2.7.1/lib/python3.10/site-packages (from tensorboard>=2.17.1->torchtmpl==0.0.1) (2.3.1)
Requirement already satisfied: grpcio>=1.48.2 in /mounts/datasets/venvs/torch-2.7.1/lib/python3.10/site-packages (from tensorboard>=2.17.1->torchtmpl==0.0.1) (1.76.0)
Requirement already satisfied: protobuf!=4.24.0,>=3.19.6 in /mounts/datasets/venvs/torch-2.7.1/lib/python3.10/site-packages (from tensorboard>=2.17.1->torchtmpl==0.0.1) (6.33.0)
Requirement already satisfied: setuptools>=41.0.0 in /tmp/sdim_2-154805/venv/lib/python3.10/site-packages (from tensorboard>=2.17.1->torchtmpl==0.0.1) (59.6.0)
Requirement already satisfied: markdown>=2.6.8 in /mounts/datasets/venvs/torch-2.7.1/lib/python3.10/site-packages (from tensorboard>=2.17.1->torchtmpl==0.0.1) (3.10)
Requirement already satisfied: tensorboard-data-server<0.8.0,>=0.7.0 in /mounts/datasets/venvs/torch-2.7.1/lib/python3.10/site-packages (from tensorboard>=2.17.1->torchtmpl==0.0.1) (0.7.2)
Requirement already satisfied: werkzeug>=1.0.1 in /mounts/datasets/venvs/torch-2.7.1/lib/python3.10/site-packages (from tensorboard>=2.17.1->torchtmpl==0.0.1) (3.1.3)
Requirement already satisfied: nvidia-nvjitlink-cu12==12.6.85 in /mounts/datasets/venvs/torch-2.7.1/lib/python3.10/site-packages (from torch>=1.13.1->torchtmpl==0.0.1) (12.6.85)
Requirement already satisfied: nvidia-cusparselt-cu12==0.6.3 in /mounts/datasets/venvs/torch-2.7.1/lib/python3.10/site-packages (from torch>=1.13.1->torchtmpl==0.0.1) (0.6.3)
Requirement already satisfied: triton==3.3.1 in /mounts/datasets/venvs/torch-2.7.1/lib/python3.10/site-packages (from torch>=1.13.1->torchtmpl==0.0.1) (3.3.1)
Requirement already satisfied: nvidia-cuda-nvrtc-cu12==12.6.77 in /mounts/datasets/venvs/torch-2.7.1/lib/python3.10/site-packages (from torch>=1.13.1->torchtmpl==0.0.1) (12.6.77)
Requirement already satisfied: sympy>=1.13.3 in /mounts/datasets/venvs/torch-2.7.1/lib/python3.10/site-packages (from torch>=1.13.1->torchtmpl==0.0.1) (1.14.0)
Requirement already satisfied: nvidia-cublas-cu12==12.6.4.1 in /mounts/datasets/venvs/torch-2.7.1/lib/python3.10/site-packages (from torch>=1.13.1->torchtmpl==0.0.1) (12.6.4.1)
Requirement already satisfied: nvidia-cuda-cupti-cu12==12.6.80 in /mounts/datasets/venvs/torch-2.7.1/lib/python3.10/site-packages (from torch>=1.13.1->torchtmpl==0.0.1) (12.6.80)
Requirement already satisfied: nvidia-cusparse-cu12==12.5.4.2 in /mounts/datasets/venvs/torch-2.7.1/lib/python3.10/site-packages (from torch>=1.13.1->torchtmpl==0.0.1) (12.5.4.2)
Requirement already satisfied: networkx in /mounts/datasets/venvs/torch-2.7.1/lib/python3.10/site-packages (from torch>=1.13.1->torchtmpl==0.0.1) (3.4.2)
Requirement already satisfied: typing-extensions>=4.10.0 in /mounts/datasets/venvs/torch-2.7.1/lib/python3.10/site-packages (from torch>=1.13.1->torchtmpl==0.0.1) (4.15.0)
Requirement already satisfied: nvidia-cusolver-cu12==11.7.1.2 in /mounts/datasets/venvs/torch-2.7.1/lib/python3.10/site-packages (from torch>=1.13.1->torchtmpl==0.0.1) (11.7.1.2)
Requirement already satisfied: nvidia-cuda-runtime-cu12==12.6.77 in /mounts/datasets/venvs/torch-2.7.1/lib/python3.10/site-packages (from torch>=1.13.1->torchtmpl==0.0.1) (12.6.77)
Requirement already satisfied: fsspec in /mounts/datasets/venvs/torch-2.7.1/lib/python3.10/site-packages (from torch>=1.13.1->torchtmpl==0.0.1) (2025.10.0)
Requirement already satisfied: nvidia-nccl-cu12==2.26.2 in /mounts/datasets/venvs/torch-2.7.1/lib/python3.10/site-packages (from torch>=1.13.1->torchtmpl==0.0.1) (2.26.2)
Requirement already satisfied: nvidia-cufft-cu12==11.3.0.4 in /mounts/datasets/venvs/torch-2.7.1/lib/python3.10/site-packages (from torch>=1.13.1->torchtmpl==0.0.1) (11.3.0.4)
Requirement already satisfied: nvidia-curand-cu12==10.3.7.77 in /mounts/datasets/venvs/torch-2.7.1/lib/python3.10/site-packages (from torch>=1.13.1->torchtmpl==0.0.1) (10.3.7.77)
Requirement already satisfied: jinja2 in /mounts/datasets/venvs/torch-2.7.1/lib/python3.10/site-packages (from torch>=1.13.1->torchtmpl==0.0.1) (3.1.6)
Requirement already satisfied: nvidia-nvtx-cu12==12.6.77 in /mounts/datasets/venvs/torch-2.7.1/lib/python3.10/site-packages (from torch>=1.13.1->torchtmpl==0.0.1) (12.6.77)
Requirement already satisfied: nvidia-cufile-cu12==1.11.1.6 in /mounts/datasets/venvs/torch-2.7.1/lib/python3.10/site-packages (from torch>=1.13.1->torchtmpl==0.0.1) (1.11.1.6)
Requirement already satisfied: nvidia-cudnn-cu12==9.5.1.17 in /mounts/datasets/venvs/torch-2.7.1/lib/python3.10/site-packages (from torch>=1.13.1->torchtmpl==0.0.1) (9.5.1.17)
Requirement already satisfied: gitpython!=3.1.29,>=1.0.0 in /mounts/datasets/venvs/torch-2.7.1/lib/python3.10/site-packages (from wandb>=0.13.11->torchtmpl==0.0.1) (3.1.45)
Requirement already satisfied: click>=8.0.1 in /mounts/datasets/venvs/torch-2.7.1/lib/python3.10/site-packages (from wandb>=0.13.11->torchtmpl==0.0.1) (8.3.0)
Requirement already satisfied: sentry-sdk>=2.0.0 in /mounts/datasets/venvs/torch-2.7.1/lib/python3.10/site-packages (from wandb>=0.13.11->torchtmpl==0.0.1) (2.43.0)
Requirement already satisfied: pydantic<3 in /mounts/datasets/venvs/torch-2.7.1/lib/python3.10/site-packages (from wandb>=0.13.11->torchtmpl==0.0.1) (2.12.4)
Requirement already satisfied: platformdirs in /mounts/datasets/venvs/torch-2.7.1/lib/python3.10/site-packages (from wandb>=0.13.11->torchtmpl==0.0.1) (4.5.0)
Requirement already satisfied: gitdb<5,>=4.0.1 in /mounts/datasets/venvs/torch-2.7.1/lib/python3.10/site-packages (from gitpython!=3.1.29,>=1.0.0->wandb>=0.13.11->torchtmpl==0.0.1) (4.0.12)
Requirement already satisfied: typing-inspection>=0.4.2 in /mounts/datasets/venvs/torch-2.7.1/lib/python3.10/site-packages (from pydantic<3->wandb>=0.13.11->torchtmpl==0.0.1) (0.4.2)
Requirement already satisfied: pydantic-core==2.41.5 in /mounts/datasets/venvs/torch-2.7.1/lib/python3.10/site-packages (from pydantic<3->wandb>=0.13.11->torchtmpl==0.0.1) (2.41.5)
Requirement already satisfied: annotated-types>=0.6.0 in /mounts/datasets/venvs/torch-2.7.1/lib/python3.10/site-packages (from pydantic<3->wandb>=0.13.11->torchtmpl==0.0.1) (0.7.0)
Requirement already satisfied: six>=1.5 in /mounts/datasets/venvs/torch-2.7.1/lib/python3.10/site-packages (from python-dateutil>=2.7->matplotlib>=3.7.1->torchtmpl==0.0.1) (1.17.0)
Requirement already satisfied: charset_normalizer<4,>=2 in /mounts/datasets/venvs/torch-2.7.1/lib/python3.10/site-packages (from requests[socks]->gdown>=5.2.0->torchtmpl==0.0.1) (3.4.4)
Requirement already satisfied: certifi>=2017.4.17 in /mounts/datasets/venvs/torch-2.7.1/lib/python3.10/site-packages (from requests[socks]->gdown>=5.2.0->torchtmpl==0.0.1) (2025.10.5)
Requirement already satisfied: urllib3<3,>=1.21.1 in /mounts/datasets/venvs/torch-2.7.1/lib/python3.10/site-packages (from requests[socks]->gdown>=5.2.0->torchtmpl==0.0.1) (2.5.0)
Requirement already satisfied: idna<4,>=2.5 in /mounts/datasets/venvs/torch-2.7.1/lib/python3.10/site-packages (from requests[socks]->gdown>=5.2.0->torchtmpl==0.0.1) (3.11)
Requirement already satisfied: mpmath<1.4,>=1.1.0 in /mounts/datasets/venvs/torch-2.7.1/lib/python3.10/site-packages (from sympy>=1.13.3->torch>=1.13.1->torchtmpl==0.0.1) (1.3.0)
Requirement already satisfied: MarkupSafe>=2.1.1 in /mounts/datasets/venvs/torch-2.7.1/lib/python3.10/site-packages (from werkzeug>=1.0.1->tensorboard>=2.17.1->torchtmpl==0.0.1) (3.0.3)
Requirement already satisfied: soupsieve>1.2 in /mounts/datasets/venvs/torch-2.7.1/lib/python3.10/site-packages (from beautifulsoup4->gdown>=5.2.0->torchtmpl==0.0.1) (2.8)
Collecting PySocks!=1.5.7,>=1.5.6
  Using cached PySocks-1.7.1-py3-none-any.whl (16 kB)
Requirement already satisfied: smmap<6,>=3.0.1 in /mounts/datasets/venvs/torch-2.7.1/lib/python3.10/site-packages (from gitdb<5,>=4.0.1->gitpython!=3.1.29,>=1.0.0->wandb>=0.13.11->torchtmpl==0.0.1) (5.0.2)
Building wheels for collected packages: torchtmpl
  Building wheel for torchtmpl (pyproject.toml): started
  Building wheel for torchtmpl (pyproject.toml): finished with status 'done'
  Created wheel for torchtmpl: filename=torchtmpl-0.0.1-py3-none-any.whl size=20877 sha256=20b52daa549e924d52b1221ffa69aa8d85d4c93dccc98495bb6ad338297d3c32
  Stored in directory: /tmp/sdim_2-154805/pip-ephem-wheel-cache-ig5ip5mn/wheels/e6/f4/22/d6ebfe85b970a04662aa08960de48cbcd083f8df56e903ee32
Successfully built torchtmpl
Installing collected packages: PySocks, gdown, torchtmpl
  Attempting uninstall: torchtmpl
    Found existing installation: torchtmpl 0.0.1
    Not uninstalling torchtmpl at /mounts/datasets/venvs/torch-2.7.1/lib/python3.10/site-packages, outside environment /tmp/sdim_2-154805/venv
    Can't uninstall 'torchtmpl'. No files were found to uninstall.
Successfully installed PySocks-1.7.1 gdown-5.2.1 torchtmpl-0.0.1
Training
Retrieving logs from the compute node...
sending incremental file list

sent 19 bytes  received 12 bytes  62.00 bytes/sec
total size is 0  speedup is 0.00
